
---------------------------------------------

N_THREADS               :	4

---------------------------------------------

LLC_SIZE_KB             :	8192
LLC_ASSOC               :	8
LLC_REPL_POLICY         :	LRU, prioritize clean lines

---------------------------------------------

ROB_WIDTH               :	256
OS_PAGESIZE             :	4096
LINESIZE                :	64
[DRAM] Row Buffer Policy: OPEN_PAGE
[DRAM] Refresh Policy: RANK_LEVEL_STAGGERED
[DRAM] Request Size: 64 bytes
[DRAM] Shift Bits: 6
[DRAM MOP Enabled] MOP Size: 4
Expected: rohirababgchlo, Actual: rohirababgchlo
[DRAM] Channel Position: 2| Width: 1
[DRAM] Rank Position: 8| Width: 0
[DRAM] BankGroup Position: 3| Width: 3
[DRAM] Bank Position: 6| Width: 2
[DRAM] Row Position: 12| Width: 17
[DRAM] High Position: 8| Width: 4
[DRAM] Low Position: 0| Width: 2
[RFM] rfm_mode: 0
[ALERT] alert_mode: 0
[MOAT] moat_mode: 0
[MIRZA] mirza_mode: 0
[DRAMSim3] Starting a JedecDRAMSystem
read_to_read_l: 12
read_to_read_s: 8
read_to_read_o: 10


--------------------------------------------------------------------------------
------------------------------- SIMULATION START -------------------------------
--------------------------------------------------------------------------------


CYCLE =    0M [ INST:     0M     0M     0M     0M ]
	progress: ...............terminate called after throwing an instance of 'std::out_of_range'
  what():  _Map_base::at
