
---------------------------------------------

N_THREADS               :	4

---------------------------------------------

LLC_SIZE_KB             :	8192
LLC_ASSOC               :	8
LLC_REPL_POLICY         :	LRU, prioritize clean lines

---------------------------------------------

ROB_WIDTH               :	256
OS_PAGESIZE             :	4096
LINESIZE                :	64
[DRAM] Row Buffer Policy: OPEN_PAGE
[DRAM] Refresh Policy: RANK_LEVEL_STAGGERED
[DRAM] Request Size: 64 bytes
[DRAM] Shift Bits: 6
[DRAM MOP Enabled] MOP Size: 4
Expected: rohirababgchlo, Actual: rohirababgchlo
[DRAM] Channel Position: 2| Width: 1
[DRAM] Rank Position: 8| Width: 0
[DRAM] BankGroup Position: 3| Width: 3
[DRAM] Bank Position: 6| Width: 2
[DRAM] Row Position: 12| Width: 17
[DRAM] High Position: 8| Width: 4
[DRAM] Low Position: 0| Width: 2
[RFM] rfm_mode: 0
[ALERT] alert_mode: 0
[MOAT] moat_mode: 0
[MIRZA] mirza_mode: 0
[DRAMSim3] Starting a JedecDRAMSystem
read_to_read_l: 12
read_to_read_s: 8
read_to_read_o: 10


--------------------------------------------------------------------------------
------------------------------- SIMULATION START -------------------------------
--------------------------------------------------------------------------------


CYCLE =    0M [ INST:     0M     0M     0M     0M ]
	progress: ..............................

--------------------------------------------------------------------------------
-------------------------------- SIMULATION END --------------------------------
--------------------------------------------------------------------------------

SIM_TIME_IN_CORE        	5.41315
SIM_TIME_IN_MEM         	21.5729
SYS_CYCLES              	29393306

CORE_0_INST             	100247099
CORE_0_IPC              	3.41054
CORE_0_MISSES           	29339
CORE_0_ACCESSES         	213313
CORE_0_MPKI             	0.292667
CORE_0_APKI             	2.12787

CORE_1_INST             	100100522
CORE_1_IPC              	3.40556
CORE_1_MISSES           	29209
CORE_1_ACCESSES         	212965
CORE_1_MPKI             	0.291797
CORE_1_APKI             	2.12751

CORE_2_INST             	100000000
CORE_2_IPC              	3.40214
CORE_2_MISSES           	29266
CORE_2_ACCESSES         	212708
CORE_2_MPKI             	0.29266
CORE_2_APKI             	2.12708

CORE_3_INST             	100195166
CORE_3_IPC              	3.40877
CORE_3_MISSES           	29213
CORE_3_ACCESSES         	213149
CORE_3_MPKI             	0.291561
CORE_3_APKI             	2.12734

LLC_MISSES              	117027
LLC_ACCESSES            	852135
LLC_MISS_RATE           	13.7334
LLC_LRU_WB_AVOIDED      	7575

LLC_MISS_PENALTY        	267.093

OS_MAPPED_PAGES         	66608
OS_TOTAL_PAGE_FRAMES    	8388608

MEM_FAILED_REQUESTS     	0

###########################################
## Statistics of Channel 0
###########################################
acts.0.7.3                     =         1319   # ACTs Counter
acts.0.7.1                     =         1351   # ACTs Counter
acts.0.7.0                     =         1480   # ACTs Counter
acts.0.6.2                     =         1361   # ACTs Counter
acts.0.6.1                     =         1325   # ACTs Counter
acts.0.5.2                     =         1340   # ACTs Counter
acts.0.5.1                     =         1318   # ACTs Counter
acts.0.4.3                     =         1416   # ACTs Counter
acts.0.4.2                     =         1422   # ACTs Counter
acts.0.4.1                     =         1457   # ACTs Counter
acts.0.4.0                     =         1518   # ACTs Counter
acts.0.3.3                     =         1364   # ACTs Counter
acts.0.3.1                     =         1269   # ACTs Counter
acts.0.3.0                     =         1407   # ACTs Counter
acts.0.2.3                     =         1485   # ACTs Counter
acts.0.2.2                     =         1378   # ACTs Counter
num_ondemand_pres              =        14083   # Number of ondemend PRE commands
num_pre_cmds                   =        43863   # Number of PRE commands
num_act_cmds                   =        43866   # Number of ACT commands
num_write_row_hits             =           26   # Number of write row buffer hits
num_writes_done                =         1655   # Number of read requests issued
acts.0.5.0                     =         1426   # ACTs Counter
num_read_cmds                  =        57092   # Number of READ/READP commands
num_refab_cmds                 =         1878   # Number of REFab commands
num_refsb_cmds                 =            0   # Number of REFsb commands
acts.0.6.3                     =         1349   # ACTs Counter
acts.0.1.2                     =         1297   # ACTs Counter
num_read_row_hits              =        15028   # Number of read row buffer hits
num_reads_done                 =        57092   # Number of read requests issued
acts.0.7.2                     =         1395   # ACTs Counter
num_rfmsb_cmds                 =            0   # Number of RFMSB commands
acts.0.6.0                     =         1358   # ACTs Counter
acts.0.2.1                     =         1435   # ACTs Counter
num_write_cmds                 =         1640   # Number of WRITE/WRITEP commands
acts.0.0.0                     =         1365   # ACTs Counter
num_cycles                     =     17635984   # Number of DRAM cycles
acts.0.5.3                     =         1364   # ACTs Counter
num_refb_cmds                  =            0   # Number of REFb commands
acts.0.3.2                     =         1325   # ACTs Counter
num_write_buf_hits             =            0   # Number of write buffer hits
num_srefe_cmds                 =            0   # Number of SREFE commands
epoch_num                      =            0   # Number of epochs
num_srefx_cmds                 =            0   # Number of SREFX commands
num_rfmab_cmds                 =            0   # Number of RFMAB commands
num_alerts                     =            0   # Number of ALERTs triggered
hbm_dual_cmds                  =            0   # Number of cycles dual cmds issued
acts.0.0.3                     =         1316   # ACTs Counter
acts.0.0.2                     =         1374   # ACTs Counter
acts.0.1.0                     =         1218   # ACTs Counter
acts.0.0.1                     =         1371   # ACTs Counter
acts.0.1.1                     =         1353   # ACTs Counter
acts.0.2.0                     =         1418   # ACTs Counter
acts.0.1.3                     =         1292   # ACTs Counter
rank_active_cycles.0           =     15537420   # Cyles of rank active rank.0
all_bank_idle_cycles.0         =      2098564   # Cyles of all bank idle in rank rank.0
sref_cycles.0                  =            0   # Cyles of rank in SREF mode rank.0
prac_per_tREFI.0               =       956843   # PRAC counters per tREFI geometric_bin.0
prac_per_tREFI.1               =         4480   # PRAC counters per tREFI geometric_bin.1
prac_per_tREFI.2               =          160   # PRAC counters per tREFI geometric_bin.2
prac_per_tREFI.3               =           49   # PRAC counters per tREFI geometric_bin.3
prac_per_tREFI.4               =            3   # PRAC counters per tREFI geometric_bin.4
prac_per_tREFI.5               =            1   # PRAC counters per tREFI geometric_bin.5
prac_per_tREFI.6               =            0   # PRAC counters per tREFI geometric_bin.6
prac_per_tREFI.7               =            0   # PRAC counters per tREFI geometric_bin.7
prac_per_tREFI.8               =            0   # PRAC counters per tREFI geometric_bin.8
prac_per_tREFI.9               =            0   # PRAC counters per tREFI geometric_bin.9
prac_per_tREFI.10              =            0   # PRAC counters per tREFI geometric_bin.10
prac_per_tREFI.11              =            0   # PRAC counters per tREFI geometric_bin.11
prac_per_tREFI.12              =            0   # PRAC counters per tREFI geometric_bin.12
interarrival_latency[-0]       =            0   # Request interarrival latency (cycles)
interarrival_latency[0-9]      =        15221   # Request interarrival latency (cycles)
interarrival_latency[10-19]    =         1000   # Request interarrival latency (cycles)
interarrival_latency[20-29]    =         1821   # Request interarrival latency (cycles)
interarrival_latency[30-39]    =         1408   # Request interarrival latency (cycles)
interarrival_latency[40-49]    =          751   # Request interarrival latency (cycles)
interarrival_latency[50-59]    =          778   # Request interarrival latency (cycles)
interarrival_latency[60-69]    =          823   # Request interarrival latency (cycles)
interarrival_latency[70-79]    =          804   # Request interarrival latency (cycles)
interarrival_latency[80-89]    =          782   # Request interarrival latency (cycles)
interarrival_latency[90-99]    =          757   # Request interarrival latency (cycles)
interarrival_latency[100-]     =        34602   # Request interarrival latency (cycles)
write_latency[-0]              =            0   # Write cmd latency (cycles)
write_latency[0-19]            =            0   # Write cmd latency (cycles)
write_latency[20-39]           =            0   # Write cmd latency (cycles)
write_latency[40-59]           =            0   # Write cmd latency (cycles)
write_latency[60-79]           =            0   # Write cmd latency (cycles)
write_latency[80-99]           =           13   # Write cmd latency (cycles)
write_latency[100-119]         =           31   # Write cmd latency (cycles)
write_latency[120-139]         =           32   # Write cmd latency (cycles)
write_latency[140-159]         =           39   # Write cmd latency (cycles)
write_latency[160-179]         =           13   # Write cmd latency (cycles)
write_latency[180-199]         =            6   # Write cmd latency (cycles)
write_latency[200-]            =         1506   # Write cmd latency (cycles)
read_latency[-0]               =            0   # Read request latency (cycles)
read_latency[0-19]             =            0   # Read request latency (cycles)
read_latency[20-39]            =            0   # Read request latency (cycles)
read_latency[40-59]            =          435   # Read request latency (cycles)
read_latency[60-79]            =          830   # Read request latency (cycles)
read_latency[80-99]            =        27556   # Read request latency (cycles)
read_latency[100-119]          =         6498   # Read request latency (cycles)
read_latency[120-139]          =        13857   # Read request latency (cycles)
read_latency[140-159]          =         3160   # Read request latency (cycles)
read_latency[160-179]          =          112   # Read request latency (cycles)
read_latency[180-199]          =          138   # Read request latency (cycles)
read_latency[200-]             =         4506   # Read request latency (cycles)
refab_energy                   =  3.51259e+09   # 
ref_energy                     =            0   # Refresh energy
refb_energy                    =           -0   # Refresh-bank energy
write_energy                   =  1.23433e+07   # Write energy
read_energy                    =  5.08621e+08   # Read energy
act_energy                     =   4.9902e+08   # Activation energy
sref_energy.0                  =            0   # SREF energy rank.0
pre_stb_energy.0               =   7.4541e+08   # Precharge standby energy rank.0
act_stb_energy.0               =  7.75628e+09   # Active standby energy rank.0
average_read_latency           =      157.888   # Average read request latency (cycles)
average_interarrival           =      300.199   # Average request interarrival latency (cycles)
total_energy                   =  9.52167e+09   # Total energy (pJ)
average_power                  =        539.9   # Average power (mW)
average_bandwidth              =     0.512475   # Average bandwidth
###########################################
## Statistics of Channel 1
###########################################
acts.0.7.3                     =         1460   # ACTs Counter
acts.0.7.1                     =         1439   # ACTs Counter
acts.0.7.0                     =         1439   # ACTs Counter
acts.0.6.2                     =         1379   # ACTs Counter
acts.0.6.1                     =         1359   # ACTs Counter
acts.0.5.2                     =         1382   # ACTs Counter
acts.0.5.1                     =         1348   # ACTs Counter
acts.0.4.3                     =         1393   # ACTs Counter
acts.0.4.2                     =         1384   # ACTs Counter
acts.0.4.1                     =         1436   # ACTs Counter
acts.0.4.0                     =         1457   # ACTs Counter
acts.0.3.3                     =         1408   # ACTs Counter
acts.0.3.1                     =         1377   # ACTs Counter
acts.0.3.0                     =         1420   # ACTs Counter
acts.0.2.3                     =         1410   # ACTs Counter
acts.0.2.2                     =         1357   # ACTs Counter
num_ondemand_pres              =        14597   # Number of ondemend PRE commands
num_pre_cmds                   =        44830   # Number of PRE commands
num_act_cmds                   =        44833   # Number of ACT commands
num_write_row_hits             =           31   # Number of write row buffer hits
num_writes_done                =         1759   # Number of read requests issued
acts.0.5.0                     =         1437   # ACTs Counter
num_read_cmds                  =        58602   # Number of READ/READP commands
num_refab_cmds                 =         1878   # Number of REFab commands
num_refsb_cmds                 =            0   # Number of REFsb commands
acts.0.6.3                     =         1362   # ACTs Counter
acts.0.1.2                     =         1395   # ACTs Counter
num_read_row_hits              =        15696   # Number of read row buffer hits
num_reads_done                 =        58602   # Number of read requests issued
acts.0.7.2                     =         1417   # ACTs Counter
num_rfmsb_cmds                 =            0   # Number of RFMSB commands
acts.0.6.0                     =         1458   # ACTs Counter
acts.0.2.1                     =         1387   # ACTs Counter
num_write_cmds                 =         1748   # Number of WRITE/WRITEP commands
acts.0.0.0                     =         1453   # ACTs Counter
num_cycles                     =     17635984   # Number of DRAM cycles
acts.0.5.3                     =         1336   # ACTs Counter
num_refb_cmds                  =            0   # Number of REFb commands
acts.0.3.2                     =         1378   # ACTs Counter
num_write_buf_hits             =            0   # Number of write buffer hits
num_srefe_cmds                 =            0   # Number of SREFE commands
epoch_num                      =            0   # Number of epochs
num_srefx_cmds                 =            0   # Number of SREFX commands
num_rfmab_cmds                 =            0   # Number of RFMAB commands
num_alerts                     =            0   # Number of ALERTs triggered
hbm_dual_cmds                  =            0   # Number of cycles dual cmds issued
acts.0.0.3                     =         1368   # ACTs Counter
acts.0.0.2                     =         1367   # ACTs Counter
acts.0.1.0                     =         1397   # ACTs Counter
acts.0.0.1                     =         1440   # ACTs Counter
acts.0.1.1                     =         1351   # ACTs Counter
acts.0.2.0                     =         1452   # ACTs Counter
acts.0.1.3                     =         1387   # ACTs Counter
rank_active_cycles.0           =     15541391   # Cyles of rank active rank.0
all_bank_idle_cycles.0         =      2094593   # Cyles of all bank idle in rank rank.0
sref_cycles.0                  =            0   # Cyles of rank in SREF mode rank.0
prac_per_tREFI.0               =       956776   # PRAC counters per tREFI geometric_bin.0
prac_per_tREFI.1               =         4520   # PRAC counters per tREFI geometric_bin.1
prac_per_tREFI.2               =          173   # PRAC counters per tREFI geometric_bin.2
prac_per_tREFI.3               =           63   # PRAC counters per tREFI geometric_bin.3
prac_per_tREFI.4               =            3   # PRAC counters per tREFI geometric_bin.4
prac_per_tREFI.5               =            1   # PRAC counters per tREFI geometric_bin.5
prac_per_tREFI.6               =            0   # PRAC counters per tREFI geometric_bin.6
prac_per_tREFI.7               =            0   # PRAC counters per tREFI geometric_bin.7
prac_per_tREFI.8               =            0   # PRAC counters per tREFI geometric_bin.8
prac_per_tREFI.9               =            0   # PRAC counters per tREFI geometric_bin.9
prac_per_tREFI.10              =            0   # PRAC counters per tREFI geometric_bin.10
prac_per_tREFI.11              =            0   # PRAC counters per tREFI geometric_bin.11
prac_per_tREFI.12              =            0   # PRAC counters per tREFI geometric_bin.12
interarrival_latency[-0]       =            0   # Request interarrival latency (cycles)
interarrival_latency[0-9]      =        15884   # Request interarrival latency (cycles)
interarrival_latency[10-19]    =         1133   # Request interarrival latency (cycles)
interarrival_latency[20-29]    =         1854   # Request interarrival latency (cycles)
interarrival_latency[30-39]    =         1599   # Request interarrival latency (cycles)
interarrival_latency[40-49]    =          844   # Request interarrival latency (cycles)
interarrival_latency[50-59]    =          832   # Request interarrival latency (cycles)
interarrival_latency[60-69]    =          853   # Request interarrival latency (cycles)
interarrival_latency[70-79]    =          787   # Request interarrival latency (cycles)
interarrival_latency[80-89]    =          809   # Request interarrival latency (cycles)
interarrival_latency[90-99]    =          774   # Request interarrival latency (cycles)
interarrival_latency[100-]     =        34992   # Request interarrival latency (cycles)
write_latency[-0]              =            0   # Write cmd latency (cycles)
write_latency[0-19]            =            0   # Write cmd latency (cycles)
write_latency[20-39]           =            0   # Write cmd latency (cycles)
write_latency[40-59]           =            0   # Write cmd latency (cycles)
write_latency[60-79]           =            0   # Write cmd latency (cycles)
write_latency[80-99]           =           21   # Write cmd latency (cycles)
write_latency[100-119]         =           29   # Write cmd latency (cycles)
write_latency[120-139]         =           32   # Write cmd latency (cycles)
write_latency[140-159]         =           28   # Write cmd latency (cycles)
write_latency[160-179]         =           13   # Write cmd latency (cycles)
write_latency[180-199]         =            8   # Write cmd latency (cycles)
write_latency[200-]            =         1617   # Write cmd latency (cycles)
read_latency[-0]               =            0   # Read request latency (cycles)
read_latency[0-19]             =            0   # Read request latency (cycles)
read_latency[20-39]            =            0   # Read request latency (cycles)
read_latency[40-59]            =          397   # Read request latency (cycles)
read_latency[60-79]            =          904   # Read request latency (cycles)
read_latency[80-99]            =        27837   # Read request latency (cycles)
read_latency[100-119]          =         6809   # Read request latency (cycles)
read_latency[120-139]          =        14327   # Read request latency (cycles)
read_latency[140-159]          =         3238   # Read request latency (cycles)
read_latency[160-179]          =          118   # Read request latency (cycles)
read_latency[180-199]          =          124   # Read request latency (cycles)
read_latency[200-]             =         4848   # Read request latency (cycles)
refab_energy                   =  3.51259e+09   # 
ref_energy                     =            0   # Refresh energy
refb_energy                    =           -0   # Refresh-bank energy
write_energy                   =  1.31561e+07   # Write energy
read_energy                    =  5.22073e+08   # Read energy
act_energy                     =   5.1002e+08   # Activation energy
sref_energy.0                  =            0   # SREF energy rank.0
pre_stb_energy.0               =  7.43999e+08   # Precharge standby energy rank.0
act_stb_energy.0               =  7.75826e+09   # Active standby energy rank.0
average_read_latency           =      161.005   # Average read request latency (cycles)
average_interarrival           =      292.172   # Average request interarrival latency (cycles)
total_energy                   =  9.54751e+09   # Total energy (pJ)
average_power                  =      541.365   # Average power (mW)
average_bandwidth              =     0.526555   # Average bandwidth
