
---------------------------------------------

N_THREADS               :	4

---------------------------------------------

LLC_SIZE_KB             :	8192
LLC_ASSOC               :	8
LLC_REPL_POLICY         :	LRU

---------------------------------------------

ROB_WIDTH               :	256
OS_PAGESIZE             :	4096
LINESIZE                :	64
[DRAM] Row Buffer Policy: OPEN_PAGE
[DRAM] Refresh Policy: RANK_LEVEL_STAGGERED
[DRAM] Request Size: 64 bytes
[DRAM] Shift Bits: 6
[DRAM MOP Enabled] MOP Size: 4
Expected: rohirababgchlo, Actual: rohirababgchlo
[DRAM] Channel Position: 2| Width: 1
[DRAM] Rank Position: 8| Width: 0
[DRAM] BankGroup Position: 3| Width: 3
[DRAM] Bank Position: 6| Width: 2
[DRAM] Row Position: 12| Width: 17
[DRAM] High Position: 8| Width: 4
[DRAM] Low Position: 0| Width: 2
[RFM] rfm_mode: 0
[ALERT] alert_mode: 0
[MOAT] moat_mode: 0
[MIRZA] mirza_mode: 0
[DRAMSim3] Starting a JedecDRAMSystem
read_to_read_l: 12
read_to_read_s: 8
read_to_read_o: 10


--------------------------------------------------------------------------------
------------------------------- SIMULATION START -------------------------------
--------------------------------------------------------------------------------


CYCLE =    0M [ INST:     0M     0M     0M     0M ]
	progress: ..................................................
CYCLE =   50M [ INST:    28M    28M    28M    28M ]
	progress: ..................................................
CYCLE =  100M [ INST:    57M    57M    57M    57M ]
	progress: ..................................................
CYCLE =  150M [ INST:    86M    86M    85M    86M ]
	progress: .........................

--------------------------------------------------------------------------------
-------------------------------- SIMULATION END --------------------------------
--------------------------------------------------------------------------------

SIM_TIME_IN_CORE        	42.8763
SIM_TIME_IN_MEM         	228.56
SYS_CYCLES              	174625796

CORE_0_INST             	100064144
CORE_0_IPC              	0.57302
CORE_0_MISSES           	2541621
CORE_0_ACCESSES         	3359516
CORE_0_MPKI             	25.3999
CORE_0_APKI             	33.5736

CORE_1_INST             	100160928
CORE_1_IPC              	0.573575
CORE_1_MISSES           	2544359
CORE_1_ACCESSES         	3362744
CORE_1_MPKI             	25.4027
CORE_1_APKI             	33.5734

CORE_2_INST             	100000002
CORE_2_IPC              	0.572653
CORE_2_MISSES           	2540534
CORE_2_ACCESSES         	3357342
CORE_2_MPKI             	25.4053
CORE_2_APKI             	33.5734

CORE_3_INST             	100104576
CORE_3_IPC              	0.573252
CORE_3_MISSES           	2543341
CORE_3_ACCESSES         	3360872
CORE_3_MPKI             	25.4068
CORE_3_APKI             	33.5736

LLC_MISSES              	10169855
LLC_ACCESSES            	13440474
LLC_MISS_RATE           	75.6659
LLC_LRU_WB_AVOIDED      	0

LLC_MISS_PENALTY        	306.399

OS_MAPPED_PAGES         	135990
OS_TOTAL_PAGE_FRAMES    	8388608

MEM_FAILED_REQUESTS     	0

###########################################
## Statistics of Channel 0
###########################################
acts.0.7.3                     =       119002   # ACTs Counter
acts.0.7.1                     =       119510   # ACTs Counter
acts.0.7.0                     =       118690   # ACTs Counter
acts.0.6.2                     =       121092   # ACTs Counter
acts.0.6.1                     =       120002   # ACTs Counter
acts.0.5.2                     =       120703   # ACTs Counter
acts.0.5.1                     =       119574   # ACTs Counter
acts.0.4.3                     =       118814   # ACTs Counter
acts.0.4.2                     =       120956   # ACTs Counter
acts.0.4.1                     =       119348   # ACTs Counter
acts.0.4.0                     =       120589   # ACTs Counter
acts.0.3.3                     =       118622   # ACTs Counter
acts.0.3.1                     =       116727   # ACTs Counter
acts.0.3.0                     =       120100   # ACTs Counter
acts.0.2.3                     =       119352   # ACTs Counter
acts.0.2.2                     =       118390   # ACTs Counter
num_ondemand_pres              =      3493795   # Number of ondemend PRE commands
num_pre_cmds                   =      3827795   # Number of PRE commands
num_act_cmds                   =      3827817   # Number of ACT commands
num_write_row_hits             =        72188   # Number of write row buffer hits
num_writes_done                =      1595227   # Number of read requests issued
acts.0.5.0                     =       119731   # ACTs Counter
num_read_cmds                  =      5084340   # Number of READ/READP commands
num_refab_cmds                 =        11158   # Number of REFab commands
num_refsb_cmds                 =            0   # Number of REFsb commands
acts.0.6.3                     =       119465   # ACTs Counter
acts.0.1.2                     =       120000   # ACTs Counter
num_read_row_hits              =      1797918   # Number of read row buffer hits
num_reads_done                 =      5084334   # Number of read requests issued
acts.0.7.2                     =       119916   # ACTs Counter
num_rfmsb_cmds                 =            0   # Number of RFMSB commands
acts.0.6.0                     =       120364   # ACTs Counter
acts.0.2.1                     =       119773   # ACTs Counter
num_write_cmds                 =       590123   # Number of WRITE/WRITEP commands
acts.0.0.0                     =       120957   # ACTs Counter
num_cycles                     =    104775478   # Number of DRAM cycles
acts.0.5.3                     =       120984   # ACTs Counter
num_refb_cmds                  =            0   # Number of REFb commands
acts.0.3.2                     =       119723   # ACTs Counter
num_write_buf_hits             =            0   # Number of write buffer hits
num_srefe_cmds                 =            0   # Number of SREFE commands
epoch_num                      =            1   # Number of epochs
num_srefx_cmds                 =            0   # Number of SREFX commands
num_rfmab_cmds                 =            0   # Number of RFMAB commands
num_alerts                     =            0   # Number of ALERTs triggered
hbm_dual_cmds                  =            0   # Number of cycles dual cmds issued
acts.0.0.3                     =       118994   # ACTs Counter
acts.0.0.2                     =       119615   # ACTs Counter
acts.0.1.0                     =       120418   # ACTs Counter
acts.0.0.1                     =       119528   # ACTs Counter
acts.0.1.1                     =       117570   # ACTs Counter
acts.0.2.0                     =       119643   # ACTs Counter
acts.0.1.3                     =       119665   # ACTs Counter
rank_active_cycles.0           =     93340842   # Cyles of rank active rank.0
all_bank_idle_cycles.0         =     11434636   # Cyles of all bank idle in rank rank.0
sref_cycles.0                  =            0   # Cyles of rank in SREF mode rank.0
prac_per_tREFI.0               =      5068324   # PRAC counters per tREFI geometric_bin.0
prac_per_tREFI.1               =       126135   # PRAC counters per tREFI geometric_bin.1
prac_per_tREFI.2               =       128518   # PRAC counters per tREFI geometric_bin.2
prac_per_tREFI.3               =       274744   # PRAC counters per tREFI geometric_bin.3
prac_per_tREFI.4               =       106474   # PRAC counters per tREFI geometric_bin.4
prac_per_tREFI.5               =         8391   # PRAC counters per tREFI geometric_bin.5
prac_per_tREFI.6               =           48   # PRAC counters per tREFI geometric_bin.6
prac_per_tREFI.7               =            6   # PRAC counters per tREFI geometric_bin.7
prac_per_tREFI.8               =            0   # PRAC counters per tREFI geometric_bin.8
prac_per_tREFI.9               =            0   # PRAC counters per tREFI geometric_bin.9
prac_per_tREFI.10              =            0   # PRAC counters per tREFI geometric_bin.10
prac_per_tREFI.11              =            0   # PRAC counters per tREFI geometric_bin.11
prac_per_tREFI.12              =          256   # PRAC counters per tREFI geometric_bin.12
interarrival_latency[-0]       =            0   # Request interarrival latency (cycles)
interarrival_latency[0-9]      =      4645247   # Request interarrival latency (cycles)
interarrival_latency[10-19]    =       846585   # Request interarrival latency (cycles)
interarrival_latency[20-29]    =       331917   # Request interarrival latency (cycles)
interarrival_latency[30-39]    =       201397   # Request interarrival latency (cycles)
interarrival_latency[40-49]    =       145584   # Request interarrival latency (cycles)
interarrival_latency[50-59]    =       109074   # Request interarrival latency (cycles)
interarrival_latency[60-69]    =        82611   # Request interarrival latency (cycles)
interarrival_latency[70-79]    =        69470   # Request interarrival latency (cycles)
interarrival_latency[80-89]    =        60648   # Request interarrival latency (cycles)
interarrival_latency[90-99]    =        47150   # Request interarrival latency (cycles)
interarrival_latency[100-]     =       139888   # Request interarrival latency (cycles)
write_latency[-0]              =            0   # Write cmd latency (cycles)
write_latency[0-19]            =            0   # Write cmd latency (cycles)
write_latency[20-39]           =            0   # Write cmd latency (cycles)
write_latency[40-59]           =           65   # Write cmd latency (cycles)
write_latency[60-79]           =          218   # Write cmd latency (cycles)
write_latency[80-99]           =          195   # Write cmd latency (cycles)
write_latency[100-119]         =          267   # Write cmd latency (cycles)
write_latency[120-139]         =          425   # Write cmd latency (cycles)
write_latency[140-159]         =          888   # Write cmd latency (cycles)
write_latency[160-179]         =         1157   # Write cmd latency (cycles)
write_latency[180-199]         =         1255   # Write cmd latency (cycles)
write_latency[200-]            =       585653   # Write cmd latency (cycles)
read_latency[-0]               =            0   # Read request latency (cycles)
read_latency[0-19]             =            0   # Read request latency (cycles)
read_latency[20-39]            =            0   # Read request latency (cycles)
read_latency[40-59]            =      1289668   # Read request latency (cycles)
read_latency[60-79]            =       239642   # Read request latency (cycles)
read_latency[80-99]            =       192888   # Read request latency (cycles)
read_latency[100-119]          =        62587   # Read request latency (cycles)
read_latency[120-139]          =      1190112   # Read request latency (cycles)
read_latency[140-159]          =       380624   # Read request latency (cycles)
read_latency[160-179]          =       170516   # Read request latency (cycles)
read_latency[180-199]          =       190390   # Read request latency (cycles)
read_latency[200-]             =      1367907   # Read request latency (cycles)
refab_energy                   =  2.08698e+10   # 
ref_energy                     =            0   # Refresh energy
refb_energy                    =           -0   # Refresh-bank energy
write_energy                   =   4.4415e+09   # Write energy
read_energy                    =  4.52954e+10   # Read energy
act_energy                     =  4.35452e+10   # Activation energy
sref_energy.0                  =            0   # SREF energy rank.0
pre_stb_energy.0               =  4.06158e+09   # Precharge standby energy rank.0
act_stb_energy.0               =  4.65957e+10   # Active standby energy rank.0
average_read_latency           =      182.903   # Average read request latency (cycles)
average_interarrival           =       15.686   # Average request interarrival latency (cycles)
total_energy                   =  1.43939e+11   # Total energy (pJ)
average_power                  =      1373.79   # Average power (mW)
average_bandwidth              =      9.80787   # Average bandwidth
###########################################
## Statistics of Channel 1
###########################################
acts.0.7.3                     =       119545   # ACTs Counter
acts.0.7.1                     =       117980   # ACTs Counter
acts.0.7.0                     =       121566   # ACTs Counter
acts.0.6.2                     =       120703   # ACTs Counter
acts.0.6.1                     =       119500   # ACTs Counter
acts.0.5.2                     =       119740   # ACTs Counter
acts.0.5.1                     =       118860   # ACTs Counter
acts.0.4.3                     =       118723   # ACTs Counter
acts.0.4.2                     =       120769   # ACTs Counter
acts.0.4.1                     =       119679   # ACTs Counter
acts.0.4.0                     =       119581   # ACTs Counter
acts.0.3.3                     =       119364   # ACTs Counter
acts.0.3.1                     =       119531   # ACTs Counter
acts.0.3.0                     =       120299   # ACTs Counter
acts.0.2.3                     =       118572   # ACTs Counter
acts.0.2.2                     =       119579   # ACTs Counter
num_ondemand_pres              =      3497190   # Number of ondemend PRE commands
num_pre_cmds                   =      3831138   # Number of PRE commands
num_act_cmds                   =      3831154   # Number of ACT commands
num_write_row_hits             =        73382   # Number of write row buffer hits
num_writes_done                =      1605041   # Number of read requests issued
acts.0.5.0                     =       120408   # ACTs Counter
num_read_cmds                  =      5084551   # Number of READ/READP commands
num_refab_cmds                 =        11158   # Number of REFab commands
num_refsb_cmds                 =            0   # Number of REFsb commands
acts.0.6.3                     =       119387   # ACTs Counter
acts.0.1.2                     =       119590   # ACTs Counter
num_read_row_hits              =      1798951   # Number of read row buffer hits
num_reads_done                 =      5084547   # Number of read requests issued
acts.0.7.2                     =       120523   # ACTs Counter
num_rfmsb_cmds                 =            0   # Number of RFMSB commands
acts.0.6.0                     =       121047   # ACTs Counter
acts.0.2.1                     =       119143   # ACTs Counter
num_write_cmds                 =       595047   # Number of WRITE/WRITEP commands
acts.0.0.0                     =       120015   # ACTs Counter
num_cycles                     =    104775478   # Number of DRAM cycles
acts.0.5.3                     =       120275   # ACTs Counter
num_refb_cmds                  =            0   # Number of REFb commands
acts.0.3.2                     =       120180   # ACTs Counter
num_write_buf_hits             =            0   # Number of write buffer hits
num_srefe_cmds                 =            0   # Number of SREFE commands
epoch_num                      =            1   # Number of epochs
num_srefx_cmds                 =            0   # Number of SREFX commands
num_rfmab_cmds                 =            0   # Number of RFMAB commands
num_alerts                     =            0   # Number of ALERTs triggered
hbm_dual_cmds                  =            0   # Number of cycles dual cmds issued
acts.0.0.3                     =       119428   # ACTs Counter
acts.0.0.2                     =       122272   # ACTs Counter
acts.0.1.0                     =       120786   # ACTs Counter
acts.0.0.1                     =       117563   # ACTs Counter
acts.0.1.1                     =       118315   # ACTs Counter
acts.0.2.0                     =       119798   # ACTs Counter
acts.0.1.3                     =       118433   # ACTs Counter
rank_active_cycles.0           =     93341082   # Cyles of rank active rank.0
all_bank_idle_cycles.0         =     11434396   # Cyles of all bank idle in rank rank.0
sref_cycles.0                  =            0   # Cyles of rank in SREF mode rank.0
prac_per_tREFI.0               =      5068322   # PRAC counters per tREFI geometric_bin.0
prac_per_tREFI.1               =       126327   # PRAC counters per tREFI geometric_bin.1
prac_per_tREFI.2               =       128451   # PRAC counters per tREFI geometric_bin.2
prac_per_tREFI.3               =       274647   # PRAC counters per tREFI geometric_bin.3
prac_per_tREFI.4               =       106545   # PRAC counters per tREFI geometric_bin.4
prac_per_tREFI.5               =         8299   # PRAC counters per tREFI geometric_bin.5
prac_per_tREFI.6               =           45   # PRAC counters per tREFI geometric_bin.6
prac_per_tREFI.7               =            4   # PRAC counters per tREFI geometric_bin.7
prac_per_tREFI.8               =            0   # PRAC counters per tREFI geometric_bin.8
prac_per_tREFI.9               =            0   # PRAC counters per tREFI geometric_bin.9
prac_per_tREFI.10              =            0   # PRAC counters per tREFI geometric_bin.10
prac_per_tREFI.11              =            1   # PRAC counters per tREFI geometric_bin.11
prac_per_tREFI.12              =          255   # PRAC counters per tREFI geometric_bin.12
interarrival_latency[-0]       =            0   # Request interarrival latency (cycles)
interarrival_latency[0-9]      =      4667307   # Request interarrival latency (cycles)
interarrival_latency[10-19]    =       834749   # Request interarrival latency (cycles)
interarrival_latency[20-29]    =       330205   # Request interarrival latency (cycles)
interarrival_latency[30-39]    =       200550   # Request interarrival latency (cycles)
interarrival_latency[40-49]    =       145878   # Request interarrival latency (cycles)
interarrival_latency[50-59]    =       109852   # Request interarrival latency (cycles)
interarrival_latency[60-69]    =        82656   # Request interarrival latency (cycles)
interarrival_latency[70-79]    =        70162   # Request interarrival latency (cycles)
interarrival_latency[80-89]    =        60736   # Request interarrival latency (cycles)
interarrival_latency[90-99]    =        47025   # Request interarrival latency (cycles)
interarrival_latency[100-]     =       140473   # Request interarrival latency (cycles)
write_latency[-0]              =            0   # Write cmd latency (cycles)
write_latency[0-19]            =            0   # Write cmd latency (cycles)
write_latency[20-39]           =            0   # Write cmd latency (cycles)
write_latency[40-59]           =           80   # Write cmd latency (cycles)
write_latency[60-79]           =          221   # Write cmd latency (cycles)
write_latency[80-99]           =          224   # Write cmd latency (cycles)
write_latency[100-119]         =          265   # Write cmd latency (cycles)
write_latency[120-139]         =          424   # Write cmd latency (cycles)
write_latency[140-159]         =          911   # Write cmd latency (cycles)
write_latency[160-179]         =         1217   # Write cmd latency (cycles)
write_latency[180-199]         =         1282   # Write cmd latency (cycles)
write_latency[200-]            =       590423   # Write cmd latency (cycles)
read_latency[-0]               =            0   # Read request latency (cycles)
read_latency[0-19]             =            0   # Read request latency (cycles)
read_latency[20-39]            =            0   # Read request latency (cycles)
read_latency[40-59]            =      1288426   # Read request latency (cycles)
read_latency[60-79]            =       240870   # Read request latency (cycles)
read_latency[80-99]            =       192343   # Read request latency (cycles)
read_latency[100-119]          =        62670   # Read request latency (cycles)
read_latency[120-139]          =      1184892   # Read request latency (cycles)
read_latency[140-159]          =       381428   # Read request latency (cycles)
read_latency[160-179]          =       170235   # Read request latency (cycles)
read_latency[180-199]          =       190173   # Read request latency (cycles)
read_latency[200-]             =      1373510   # Read request latency (cycles)
refab_energy                   =  2.08698e+10   # 
ref_energy                     =            0   # Refresh energy
refb_energy                    =           -0   # Refresh-bank energy
write_energy                   =  4.47856e+09   # Write energy
read_energy                    =  4.52972e+10   # Read energy
act_energy                     =  4.35832e+10   # Activation energy
sref_energy.0                  =            0   # SREF energy rank.0
pre_stb_energy.0               =   4.0615e+09   # Precharge standby energy rank.0
act_stb_energy.0               =  4.65959e+10   # Active standby energy rank.0
average_read_latency           =       183.18   # Average read request latency (cycles)
average_interarrival           =      15.6625   # Average request interarrival latency (cycles)
total_energy                   =  1.44016e+11   # Total energy (pJ)
average_power                  =      1374.52   # Average power (mW)
average_bandwidth              =       9.8226   # Average bandwidth
