
---------------------------------------------

N_THREADS               :	4

---------------------------------------------

LLC_SIZE_KB             :	8192
LLC_ASSOC               :	8
LLC_REPL_POLICY         :	LRU

---------------------------------------------

ROB_WIDTH               :	256
OS_PAGESIZE             :	4096
LINESIZE                :	64
[DRAM] Row Buffer Policy: OPEN_PAGE
[DRAM] Refresh Policy: RANK_LEVEL_STAGGERED
[DRAM] Request Size: 64 bytes
[DRAM] Shift Bits: 6
[DRAM MOP Enabled] MOP Size: 4
Expected: rohirababgchlo, Actual: rohirababgchlo
[DRAM] Channel Position: 2| Width: 1
[DRAM] Rank Position: 8| Width: 0
[DRAM] BankGroup Position: 3| Width: 3
[DRAM] Bank Position: 6| Width: 2
[DRAM] Row Position: 12| Width: 17
[DRAM] High Position: 8| Width: 4
[DRAM] Low Position: 0| Width: 2
[RFM] rfm_mode: 0
[ALERT] alert_mode: 0
[MOAT] moat_mode: 0
[MIRZA] mirza_mode: 0
[DRAMSim3] Starting a JedecDRAMSystem
read_to_read_l: 12
read_to_read_s: 8
read_to_read_o: 10


--------------------------------------------------------------------------------
------------------------------- SIMULATION START -------------------------------
--------------------------------------------------------------------------------


CYCLE =    0M [ INST:     0M     0M     0M     0M ]
	progress: ..................................................
CYCLE =   50M [ INST:    67M    67M    67M    67M ]
	progress: ..................................................
CYCLE =  100M [ INST:    95M    95M    95M    95M ]
	progress: ........

--------------------------------------------------------------------------------
-------------------------------- SIMULATION END --------------------------------
--------------------------------------------------------------------------------

SIM_TIME_IN_CORE        	38.0088
SIM_TIME_IN_MEM         	183.733
SYS_CYCLES              	107320142

CORE_0_INST             	100000003
CORE_0_IPC              	0.931792
CORE_0_MISSES           	2570690
CORE_0_ACCESSES         	4653196
CORE_0_MPKI             	25.7069
CORE_0_APKI             	46.532

CORE_1_INST             	100025242
CORE_1_IPC              	0.932027
CORE_1_MISSES           	2572076
CORE_1_ACCESSES         	4655097
CORE_1_MPKI             	25.7143
CORE_1_APKI             	46.5392

CORE_2_INST             	100035042
CORE_2_IPC              	0.932118
CORE_2_MISSES           	2571956
CORE_2_ACCESSES         	4655781
CORE_2_MPKI             	25.7106
CORE_2_APKI             	46.5415

CORE_3_INST             	100009817
CORE_3_IPC              	0.931883
CORE_3_MISSES           	2571154
CORE_3_ACCESSES         	4653942
CORE_3_MPKI             	25.709
CORE_3_APKI             	46.5349

LLC_MISSES              	10285876
LLC_ACCESSES            	18618016
LLC_MISS_RATE           	55.2469
LLC_LRU_WB_AVOIDED      	0

LLC_MISS_PENALTY        	365.272

OS_MAPPED_PAGES         	116200
OS_TOTAL_PAGE_FRAMES    	8388608

MEM_FAILED_REQUESTS     	0

###########################################
## Statistics of Channel 0
###########################################
acts.0.7.3                     =        81478   # ACTs Counter
acts.0.7.1                     =        81505   # ACTs Counter
acts.0.7.0                     =        82875   # ACTs Counter
acts.0.6.2                     =        84215   # ACTs Counter
acts.0.6.1                     =        83497   # ACTs Counter
acts.0.5.2                     =        84698   # ACTs Counter
acts.0.5.1                     =        82892   # ACTs Counter
acts.0.4.3                     =        82785   # ACTs Counter
acts.0.4.2                     =        83916   # ACTs Counter
acts.0.4.1                     =        82996   # ACTs Counter
acts.0.4.0                     =        83252   # ACTs Counter
acts.0.3.3                     =        81849   # ACTs Counter
acts.0.3.1                     =        82794   # ACTs Counter
acts.0.3.0                     =        82554   # ACTs Counter
acts.0.2.3                     =        82557   # ACTs Counter
acts.0.2.2                     =        84839   # ACTs Counter
num_ondemand_pres              =      2477726   # Number of ondemend PRE commands
num_pre_cmds                   =      2659010   # Number of PRE commands
num_act_cmds                   =      2659038   # Number of ACT commands
num_write_row_hits             =         5178   # Number of write row buffer hits
num_writes_done                =       309413   # Number of read requests issued
acts.0.5.0                     =        84036   # ACTs Counter
num_read_cmds                  =      5129642   # Number of READ/READP commands
num_refab_cmds                 =         6857   # Number of REFab commands
num_refsb_cmds                 =            0   # Number of REFsb commands
acts.0.6.3                     =        83410   # ACTs Counter
acts.0.1.2                     =        83818   # ACTs Counter
num_read_row_hits              =      2577805   # Number of read row buffer hits
num_reads_done                 =      5129641   # Number of read requests issued
acts.0.7.2                     =        83376   # ACTs Counter
num_rfmsb_cmds                 =            0   # Number of RFMSB commands
acts.0.6.0                     =        84032   # ACTs Counter
acts.0.2.1                     =        81847   # ACTs Counter
num_write_cmds                 =        92005   # Number of WRITE/WRITEP commands
acts.0.0.0                     =        83260   # ACTs Counter
num_cycles                     =     64392086   # Number of DRAM cycles
acts.0.5.3                     =        82545   # ACTs Counter
num_refb_cmds                  =            0   # Number of REFb commands
acts.0.3.2                     =        83345   # ACTs Counter
num_write_buf_hits             =            0   # Number of write buffer hits
num_srefe_cmds                 =            0   # Number of SREFE commands
epoch_num                      =            0   # Number of epochs
num_srefx_cmds                 =            0   # Number of SREFX commands
num_rfmab_cmds                 =            0   # Number of RFMAB commands
num_alerts                     =            0   # Number of ALERTs triggered
hbm_dual_cmds                  =            0   # Number of cycles dual cmds issued
acts.0.0.3                     =        82869   # ACTs Counter
acts.0.0.2                     =        83060   # ACTs Counter
acts.0.1.0                     =        84100   # ACTs Counter
acts.0.0.1                     =        81627   # ACTs Counter
acts.0.1.1                     =        81922   # ACTs Counter
acts.0.2.0                     =        83915   # ACTs Counter
acts.0.1.3                     =        83174   # ACTs Counter
rank_active_cycles.0           =     52394445   # Cyles of rank active rank.0
all_bank_idle_cycles.0         =     11997641   # Cyles of all bank idle in rank rank.0
sref_cycles.0                  =            0   # Cyles of rank in SREF mode rank.0
prac_per_tREFI.0               =      3216885   # PRAC counters per tREFI geometric_bin.0
prac_per_tREFI.1               =        84483   # PRAC counters per tREFI geometric_bin.1
prac_per_tREFI.2               =        49134   # PRAC counters per tREFI geometric_bin.2
prac_per_tREFI.3               =        71593   # PRAC counters per tREFI geometric_bin.3
prac_per_tREFI.4               =        73589   # PRAC counters per tREFI geometric_bin.4
prac_per_tREFI.5               =        14589   # PRAC counters per tREFI geometric_bin.5
prac_per_tREFI.6               =          511   # PRAC counters per tREFI geometric_bin.6
prac_per_tREFI.7               =            0   # PRAC counters per tREFI geometric_bin.7
prac_per_tREFI.8               =            0   # PRAC counters per tREFI geometric_bin.8
prac_per_tREFI.9               =            0   # PRAC counters per tREFI geometric_bin.9
prac_per_tREFI.10              =            0   # PRAC counters per tREFI geometric_bin.10
prac_per_tREFI.11              =            0   # PRAC counters per tREFI geometric_bin.11
prac_per_tREFI.12              =            0   # PRAC counters per tREFI geometric_bin.12
interarrival_latency[-0]       =            0   # Request interarrival latency (cycles)
interarrival_latency[0-9]      =      4223960   # Request interarrival latency (cycles)
interarrival_latency[10-19]    =       512370   # Request interarrival latency (cycles)
interarrival_latency[20-29]    =       248398   # Request interarrival latency (cycles)
interarrival_latency[30-39]    =       152314   # Request interarrival latency (cycles)
interarrival_latency[40-49]    =        97337   # Request interarrival latency (cycles)
interarrival_latency[50-59]    =        61364   # Request interarrival latency (cycles)
interarrival_latency[60-69]    =        41648   # Request interarrival latency (cycles)
interarrival_latency[70-79]    =        28308   # Request interarrival latency (cycles)
interarrival_latency[80-89]    =        19741   # Request interarrival latency (cycles)
interarrival_latency[90-99]    =        13327   # Request interarrival latency (cycles)
interarrival_latency[100-]     =        40297   # Request interarrival latency (cycles)
write_latency[-0]              =            0   # Write cmd latency (cycles)
write_latency[0-19]            =            0   # Write cmd latency (cycles)
write_latency[20-39]           =            0   # Write cmd latency (cycles)
write_latency[40-59]           =            0   # Write cmd latency (cycles)
write_latency[60-79]           =            0   # Write cmd latency (cycles)
write_latency[80-99]           =            3   # Write cmd latency (cycles)
write_latency[100-119]         =            6   # Write cmd latency (cycles)
write_latency[120-139]         =            5   # Write cmd latency (cycles)
write_latency[140-159]         =           11   # Write cmd latency (cycles)
write_latency[160-179]         =            9   # Write cmd latency (cycles)
write_latency[180-199]         =           17   # Write cmd latency (cycles)
write_latency[200-]            =        91954   # Write cmd latency (cycles)
read_latency[-0]               =            0   # Read request latency (cycles)
read_latency[0-19]             =            0   # Read request latency (cycles)
read_latency[20-39]            =            0   # Read request latency (cycles)
read_latency[40-59]            =       241074   # Read request latency (cycles)
read_latency[60-79]            =       194498   # Read request latency (cycles)
read_latency[80-99]            =       181317   # Read request latency (cycles)
read_latency[100-119]          =       154578   # Read request latency (cycles)
read_latency[120-139]          =       838946   # Read request latency (cycles)
read_latency[140-159]          =       865337   # Read request latency (cycles)
read_latency[160-179]          =       547912   # Read request latency (cycles)
read_latency[180-199]          =       388187   # Read request latency (cycles)
read_latency[200-]             =      1717792   # Read request latency (cycles)
refab_energy                   =  1.28252e+10   # 
ref_energy                     =            0   # Refresh energy
refb_energy                    =           -0   # Refresh-bank energy
write_energy                   =  6.92466e+08   # Write energy
read_energy                    =   4.5699e+10   # Read energy
act_energy                     =  3.02492e+10   # Activation energy
sref_energy.0                  =            0   # SREF energy rank.0
pre_stb_energy.0               =  4.26156e+09   # Precharge standby energy rank.0
act_stb_energy.0               =  2.61553e+10   # Active standby energy rank.0
average_read_latency           =      217.474   # Average read request latency (cycles)
average_interarrival           =      11.8388   # Average request interarrival latency (cycles)
total_energy                   =  1.07058e+11   # Total energy (pJ)
average_power                  =      1662.59   # Average power (mW)
average_bandwidth              =       12.995   # Average bandwidth
###########################################
## Statistics of Channel 1
###########################################
acts.0.7.3                     =        84095   # ACTs Counter
acts.0.7.1                     =        83773   # ACTs Counter
acts.0.7.0                     =        84282   # ACTs Counter
acts.0.6.2                     =        83672   # ACTs Counter
acts.0.6.1                     =        83208   # ACTs Counter
acts.0.5.2                     =        83664   # ACTs Counter
acts.0.5.1                     =        82258   # ACTs Counter
acts.0.4.3                     =        84018   # ACTs Counter
acts.0.4.2                     =        84312   # ACTs Counter
acts.0.4.1                     =        83110   # ACTs Counter
acts.0.4.0                     =        84612   # ACTs Counter
acts.0.3.3                     =        82989   # ACTs Counter
acts.0.3.1                     =        83469   # ACTs Counter
acts.0.3.0                     =        83512   # ACTs Counter
acts.0.2.3                     =        83052   # ACTs Counter
acts.0.2.2                     =        83897   # ACTs Counter
num_ondemand_pres              =      2496140   # Number of ondemend PRE commands
num_pre_cmds                   =      2677362   # Number of PRE commands
num_act_cmds                   =      2677390   # Number of ACT commands
num_write_row_hits             =         5379   # Number of write row buffer hits
num_writes_done                =       320068   # Number of read requests issued
acts.0.5.0                     =        84052   # ACTs Counter
num_read_cmds                  =      5155926   # Number of READ/READP commands
num_refab_cmds                 =         6857   # Number of REFab commands
num_refsb_cmds                 =            0   # Number of REFsb commands
acts.0.6.3                     =        83037   # ACTs Counter
acts.0.1.2                     =        85122   # ACTs Counter
num_read_row_hits              =      2587963   # Number of read row buffer hits
num_reads_done                 =      5155920   # Number of read requests issued
acts.0.7.2                     =        83859   # ACTs Counter
num_rfmsb_cmds                 =            0   # Number of RFMSB commands
acts.0.6.0                     =        84581   # ACTs Counter
acts.0.2.1                     =        83313   # ACTs Counter
num_write_cmds                 =        94243   # Number of WRITE/WRITEP commands
acts.0.0.0                     =        83837   # ACTs Counter
num_cycles                     =     64392086   # Number of DRAM cycles
acts.0.5.3                     =        83293   # ACTs Counter
num_refb_cmds                  =            0   # Number of REFb commands
acts.0.3.2                     =        84230   # ACTs Counter
num_write_buf_hits             =            0   # Number of write buffer hits
num_srefe_cmds                 =            0   # Number of SREFE commands
epoch_num                      =            0   # Number of epochs
num_srefx_cmds                 =            0   # Number of SREFX commands
num_rfmab_cmds                 =            0   # Number of RFMAB commands
num_alerts                     =            0   # Number of ALERTs triggered
hbm_dual_cmds                  =            0   # Number of cycles dual cmds issued
acts.0.0.3                     =        82723   # ACTs Counter
acts.0.0.2                     =        83506   # ACTs Counter
acts.0.1.0                     =        83986   # ACTs Counter
acts.0.0.1                     =        83110   # ACTs Counter
acts.0.1.1                     =        83484   # ACTs Counter
acts.0.2.0                     =        84575   # ACTs Counter
acts.0.1.3                     =        82759   # ACTs Counter
rank_active_cycles.0           =     52470541   # Cyles of rank active rank.0
all_bank_idle_cycles.0         =     11921545   # Cyles of all bank idle in rank rank.0
sref_cycles.0                  =            0   # Cyles of rank in SREF mode rank.0
prac_per_tREFI.0               =      3215406   # PRAC counters per tREFI geometric_bin.0
prac_per_tREFI.1               =        84109   # PRAC counters per tREFI geometric_bin.1
prac_per_tREFI.2               =        49584   # PRAC counters per tREFI geometric_bin.2
prac_per_tREFI.3               =        71587   # PRAC counters per tREFI geometric_bin.3
prac_per_tREFI.4               =        74921   # PRAC counters per tREFI geometric_bin.4
prac_per_tREFI.5               =        14683   # PRAC counters per tREFI geometric_bin.5
prac_per_tREFI.6               =          494   # PRAC counters per tREFI geometric_bin.6
prac_per_tREFI.7               =            0   # PRAC counters per tREFI geometric_bin.7
prac_per_tREFI.8               =            0   # PRAC counters per tREFI geometric_bin.8
prac_per_tREFI.9               =            0   # PRAC counters per tREFI geometric_bin.9
prac_per_tREFI.10              =            0   # PRAC counters per tREFI geometric_bin.10
prac_per_tREFI.11              =            0   # PRAC counters per tREFI geometric_bin.11
prac_per_tREFI.12              =            0   # PRAC counters per tREFI geometric_bin.12
interarrival_latency[-0]       =            0   # Request interarrival latency (cycles)
interarrival_latency[0-9]      =      4260624   # Request interarrival latency (cycles)
interarrival_latency[10-19]    =       513445   # Request interarrival latency (cycles)
interarrival_latency[20-29]    =       248363   # Request interarrival latency (cycles)
interarrival_latency[30-39]    =       152022   # Request interarrival latency (cycles)
interarrival_latency[40-49]    =        96991   # Request interarrival latency (cycles)
interarrival_latency[50-59]    =        61016   # Request interarrival latency (cycles)
interarrival_latency[60-69]    =        41686   # Request interarrival latency (cycles)
interarrival_latency[70-79]    =        28456   # Request interarrival latency (cycles)
interarrival_latency[80-89]    =        19693   # Request interarrival latency (cycles)
interarrival_latency[90-99]    =        13390   # Request interarrival latency (cycles)
interarrival_latency[100-]     =        40326   # Request interarrival latency (cycles)
write_latency[-0]              =            0   # Write cmd latency (cycles)
write_latency[0-19]            =            0   # Write cmd latency (cycles)
write_latency[20-39]           =            0   # Write cmd latency (cycles)
write_latency[40-59]           =            0   # Write cmd latency (cycles)
write_latency[60-79]           =            0   # Write cmd latency (cycles)
write_latency[80-99]           =            4   # Write cmd latency (cycles)
write_latency[100-119]         =            3   # Write cmd latency (cycles)
write_latency[120-139]         =            8   # Write cmd latency (cycles)
write_latency[140-159]         =           13   # Write cmd latency (cycles)
write_latency[160-179]         =           16   # Write cmd latency (cycles)
write_latency[180-199]         =           11   # Write cmd latency (cycles)
write_latency[200-]            =        94188   # Write cmd latency (cycles)
read_latency[-0]               =            0   # Read request latency (cycles)
read_latency[0-19]             =            0   # Read request latency (cycles)
read_latency[20-39]            =            0   # Read request latency (cycles)
read_latency[40-59]            =       238223   # Read request latency (cycles)
read_latency[60-79]            =       193603   # Read request latency (cycles)
read_latency[80-99]            =       180000   # Read request latency (cycles)
read_latency[100-119]          =       155358   # Read request latency (cycles)
read_latency[120-139]          =       827780   # Read request latency (cycles)
read_latency[140-159]          =       862629   # Read request latency (cycles)
read_latency[160-179]          =       551609   # Read request latency (cycles)
read_latency[180-199]          =       390183   # Read request latency (cycles)
read_latency[200-]             =      1756535   # Read request latency (cycles)
refab_energy                   =  1.28252e+10   # 
ref_energy                     =            0   # Refresh energy
refb_energy                    =           -0   # Refresh-bank energy
write_energy                   =  7.09311e+08   # Write energy
read_energy                    =  4.59331e+10   # Read energy
act_energy                     =   3.0458e+10   # Activation energy
sref_energy.0                  =            0   # SREF energy rank.0
pre_stb_energy.0               =  4.23453e+09   # Precharge standby energy rank.0
act_stb_energy.0               =  2.61933e+10   # Active standby energy rank.0
average_read_latency           =      219.257   # Average read request latency (cycles)
average_interarrival           =      11.7589   # Average request interarrival latency (cycles)
total_energy                   =  1.07528e+11   # Total energy (pJ)
average_power                  =       1669.9   # Average power (mW)
average_bandwidth              =      13.0833   # Average bandwidth
