
---------------------------------------------

N_THREADS               :	4

---------------------------------------------

LLC_SIZE_KB             :	8192
LLC_ASSOC               :	8
LLC_REPL_POLICY         :	LRU

---------------------------------------------

ROB_WIDTH               :	256
OS_PAGESIZE             :	4096
LINESIZE                :	64
[DRAM] Row Buffer Policy: OPEN_PAGE
[DRAM] Refresh Policy: RANK_LEVEL_STAGGERED
[DRAM] Request Size: 64 bytes
[DRAM] Shift Bits: 6
[DRAM MOP Enabled] MOP Size: 4
Expected: rohirababgchlo, Actual: rohirababgchlo
[DRAM] Channel Position: 2| Width: 1
[DRAM] Rank Position: 8| Width: 0
[DRAM] BankGroup Position: 3| Width: 3
[DRAM] Bank Position: 6| Width: 2
[DRAM] Row Position: 12| Width: 17
[DRAM] High Position: 8| Width: 4
[DRAM] Low Position: 0| Width: 2
[RFM] rfm_mode: 0
[ALERT] alert_mode: 0
[MOAT] moat_mode: 0
[MIRZA] mirza_mode: 0
[DRAMSim3] Starting a JedecDRAMSystem
read_to_read_l: 12
read_to_read_s: 8
read_to_read_o: 10


--------------------------------------------------------------------------------
------------------------------- SIMULATION START -------------------------------
--------------------------------------------------------------------------------


CYCLE =    0M [ INST:     0M     0M     0M     0M ]
	progress: .................................................

--------------------------------------------------------------------------------
-------------------------------- SIMULATION END --------------------------------
--------------------------------------------------------------------------------

SIM_TIME_IN_CORE        	16.1801
SIM_TIME_IN_MEM         	41.1211
SYS_CYCLES              	48965049

CORE_0_INST             	100071298
CORE_0_IPC              	2.04373
CORE_0_MISSES           	193803
CORE_0_ACCESSES         	3162846
CORE_0_MPKI             	1.93665
CORE_0_APKI             	31.6059

CORE_1_INST             	100000002
CORE_1_IPC              	2.04227
CORE_1_MISSES           	193745
CORE_1_ACCESSES         	3159433
CORE_1_MPKI             	1.93745
CORE_1_APKI             	31.5943

CORE_2_INST             	100051907
CORE_2_IPC              	2.04333
CORE_2_MISSES           	193996
CORE_2_ACCESSES         	3162609
CORE_2_MPKI             	1.93895
CORE_2_APKI             	31.6097

CORE_3_INST             	100364903
CORE_3_IPC              	2.04973
CORE_3_MISSES           	193703
CORE_3_ACCESSES         	3170984
CORE_3_MPKI             	1.92999
CORE_3_APKI             	31.5946

LLC_MISSES              	775247
LLC_ACCESSES            	12655872
LLC_MISS_RATE           	6.12559
LLC_LRU_WB_AVOIDED      	0

LLC_MISS_PENALTY        	184.82

OS_MAPPED_PAGES         	13638
OS_TOTAL_PAGE_FRAMES    	8388608

MEM_FAILED_REQUESTS     	0

###########################################
## Statistics of Channel 0
###########################################
acts.0.7.3                     =         7688   # ACTs Counter
acts.0.7.1                     =         6549   # ACTs Counter
acts.0.7.0                     =         6680   # ACTs Counter
acts.0.6.2                     =         7353   # ACTs Counter
acts.0.6.1                     =         7165   # ACTs Counter
acts.0.5.2                     =         7113   # ACTs Counter
acts.0.5.1                     =         6684   # ACTs Counter
acts.0.4.3                     =         7328   # ACTs Counter
acts.0.4.2                     =         7423   # ACTs Counter
acts.0.4.1                     =         7017   # ACTs Counter
acts.0.4.0                     =         7707   # ACTs Counter
acts.0.3.3                     =         6881   # ACTs Counter
acts.0.3.1                     =         6804   # ACTs Counter
acts.0.3.0                     =         7427   # ACTs Counter
acts.0.2.3                     =         6707   # ACTs Counter
acts.0.2.2                     =         6894   # ACTs Counter
num_ondemand_pres              =       147036   # Number of ondemend PRE commands
num_pre_cmds                   =       230844   # Number of PRE commands
num_act_cmds                   =       230870   # Number of ACT commands
num_write_row_hits             =        26669   # Number of write row buffer hits
num_writes_done                =       320363   # Number of read requests issued
acts.0.5.0                     =         7263   # ACTs Counter
num_read_cmds                  =       387429   # Number of READ/READP commands
num_refab_cmds                 =         3128   # Number of REFab commands
num_refsb_cmds                 =            0   # Number of REFsb commands
acts.0.6.3                     =         7082   # ACTs Counter
acts.0.1.2                     =         6980   # ACTs Counter
num_read_row_hits              =       246681   # Number of read row buffer hits
num_reads_done                 =       387429   # Number of read requests issued
acts.0.7.2                     =         7703   # ACTs Counter
num_rfmsb_cmds                 =            0   # Number of RFMSB commands
acts.0.6.0                     =         7610   # ACTs Counter
acts.0.2.1                     =         7703   # ACTs Counter
num_write_cmds                 =       115643   # Number of WRITE/WRITEP commands
acts.0.0.0                     =         7476   # ACTs Counter
num_cycles                     =     29379030   # Number of DRAM cycles
acts.0.5.3                     =         7074   # ACTs Counter
num_refb_cmds                  =            0   # Number of REFb commands
acts.0.3.2                     =         7069   # ACTs Counter
num_write_buf_hits             =            0   # Number of write buffer hits
num_srefe_cmds                 =            0   # Number of SREFE commands
epoch_num                      =            0   # Number of epochs
num_srefx_cmds                 =            0   # Number of SREFX commands
num_rfmab_cmds                 =            0   # Number of RFMAB commands
num_alerts                     =            0   # Number of ALERTs triggered
hbm_dual_cmds                  =            0   # Number of cycles dual cmds issued
acts.0.0.3                     =         7200   # ACTs Counter
acts.0.0.2                     =         7774   # ACTs Counter
acts.0.1.0                     =         7691   # ACTs Counter
acts.0.0.1                     =         7453   # ACTs Counter
acts.0.1.1                     =         7226   # ACTs Counter
acts.0.2.0                     =         6821   # ACTs Counter
acts.0.1.3                     =         7325   # ACTs Counter
rank_active_cycles.0           =     25892086   # Cyles of rank active rank.0
all_bank_idle_cycles.0         =      3486944   # Cyles of all bank idle in rank rank.0
sref_cycles.0                  =            0   # Cyles of rank in SREF mode rank.0
prac_per_tREFI.0               =      1586626   # PRAC counters per tREFI geometric_bin.0
prac_per_tREFI.1               =         7812   # PRAC counters per tREFI geometric_bin.1
prac_per_tREFI.2               =         4009   # PRAC counters per tREFI geometric_bin.2
prac_per_tREFI.3               =         2538   # PRAC counters per tREFI geometric_bin.3
prac_per_tREFI.4               =          527   # PRAC counters per tREFI geometric_bin.4
prac_per_tREFI.5               =           24   # PRAC counters per tREFI geometric_bin.5
prac_per_tREFI.6               =            0   # PRAC counters per tREFI geometric_bin.6
prac_per_tREFI.7               =            0   # PRAC counters per tREFI geometric_bin.7
prac_per_tREFI.8               =            0   # PRAC counters per tREFI geometric_bin.8
prac_per_tREFI.9               =            0   # PRAC counters per tREFI geometric_bin.9
prac_per_tREFI.10              =            0   # PRAC counters per tREFI geometric_bin.10
prac_per_tREFI.11              =            0   # PRAC counters per tREFI geometric_bin.11
prac_per_tREFI.12              =            0   # PRAC counters per tREFI geometric_bin.12
interarrival_latency[-0]       =            0   # Request interarrival latency (cycles)
interarrival_latency[0-9]      =       280317   # Request interarrival latency (cycles)
interarrival_latency[10-19]    =        81399   # Request interarrival latency (cycles)
interarrival_latency[20-29]    =        55119   # Request interarrival latency (cycles)
interarrival_latency[30-39]    =        50799   # Request interarrival latency (cycles)
interarrival_latency[40-49]    =        48480   # Request interarrival latency (cycles)
interarrival_latency[50-59]    =        40982   # Request interarrival latency (cycles)
interarrival_latency[60-69]    =        66096   # Request interarrival latency (cycles)
interarrival_latency[70-79]    =         9580   # Request interarrival latency (cycles)
interarrival_latency[80-89]    =         7867   # Request interarrival latency (cycles)
interarrival_latency[90-99]    =         7394   # Request interarrival latency (cycles)
interarrival_latency[100-]     =        59759   # Request interarrival latency (cycles)
write_latency[-0]              =            0   # Write cmd latency (cycles)
write_latency[0-19]            =            0   # Write cmd latency (cycles)
write_latency[20-39]           =            0   # Write cmd latency (cycles)
write_latency[40-59]           =          422   # Write cmd latency (cycles)
write_latency[60-79]           =          674   # Write cmd latency (cycles)
write_latency[80-99]           =         1136   # Write cmd latency (cycles)
write_latency[100-119]         =         1459   # Write cmd latency (cycles)
write_latency[120-139]         =         1951   # Write cmd latency (cycles)
write_latency[140-159]         =         2863   # Write cmd latency (cycles)
write_latency[160-179]         =         1694   # Write cmd latency (cycles)
write_latency[180-199]         =         1283   # Write cmd latency (cycles)
write_latency[200-]            =       104161   # Write cmd latency (cycles)
read_latency[-0]               =            0   # Read request latency (cycles)
read_latency[0-19]             =            0   # Read request latency (cycles)
read_latency[20-39]            =            0   # Read request latency (cycles)
read_latency[40-59]            =       215607   # Read request latency (cycles)
read_latency[60-79]            =          716   # Read request latency (cycles)
read_latency[80-99]            =        44179   # Read request latency (cycles)
read_latency[100-119]          =         6064   # Read request latency (cycles)
read_latency[120-139]          =        68504   # Read request latency (cycles)
read_latency[140-159]          =         6402   # Read request latency (cycles)
read_latency[160-179]          =         3984   # Read request latency (cycles)
read_latency[180-199]          =         4869   # Read request latency (cycles)
read_latency[200-]             =        37104   # Read request latency (cycles)
refab_energy                   =  5.85057e+09   # 
ref_energy                     =            0   # Refresh energy
refb_energy                    =           -0   # Refresh-bank energy
write_energy                   =  8.70375e+08   # Write energy
read_energy                    =  3.45153e+09   # Read energy
act_energy                     =  2.62638e+09   # Activation energy
sref_energy.0                  =            0   # SREF energy rank.0
pre_stb_energy.0               =  1.23856e+09   # Precharge standby energy rank.0
act_stb_energy.0               =  1.29253e+10   # Active standby energy rank.0
average_read_latency           =       111.37   # Average read request latency (cycles)
average_interarrival           =      41.5079   # Average request interarrival latency (cycles)
total_energy                   =  2.11122e+10   # Total energy (pJ)
average_power                  =      718.614   # Average power (mW)
average_bandwidth              =      3.70642   # Average bandwidth
###########################################
## Statistics of Channel 1
###########################################
acts.0.7.3                     =         7136   # ACTs Counter
acts.0.7.1                     =         7363   # ACTs Counter
acts.0.7.0                     =         6994   # ACTs Counter
acts.0.6.2                     =         7093   # ACTs Counter
acts.0.6.1                     =         6947   # ACTs Counter
acts.0.5.2                     =         6757   # ACTs Counter
acts.0.5.1                     =         6658   # ACTs Counter
acts.0.4.3                     =         6813   # ACTs Counter
acts.0.4.2                     =         6970   # ACTs Counter
acts.0.4.1                     =         7864   # ACTs Counter
acts.0.4.0                     =         7724   # ACTs Counter
acts.0.3.3                     =         6963   # ACTs Counter
acts.0.3.1                     =         7504   # ACTs Counter
acts.0.3.0                     =         6981   # ACTs Counter
acts.0.2.3                     =         7245   # ACTs Counter
acts.0.2.2                     =         7261   # ACTs Counter
num_ondemand_pres              =       145405   # Number of ondemend PRE commands
num_pre_cmds                   =       229181   # Number of PRE commands
num_act_cmds                   =       229203   # Number of ACT commands
num_write_row_hits             =        25993   # Number of write row buffer hits
num_writes_done                =       316571   # Number of read requests issued
acts.0.5.0                     =         7211   # ACTs Counter
num_read_cmds                  =       386835   # Number of READ/READP commands
num_refab_cmds                 =         3128   # Number of REFab commands
num_refsb_cmds                 =            0   # Number of REFsb commands
acts.0.6.3                     =         7333   # ACTs Counter
acts.0.1.2                     =         6854   # ACTs Counter
num_read_row_hits              =       246680   # Number of read row buffer hits
num_reads_done                 =       386831   # Number of read requests issued
acts.0.7.2                     =         7153   # ACTs Counter
num_rfmsb_cmds                 =            0   # Number of RFMSB commands
acts.0.6.0                     =         7206   # ACTs Counter
acts.0.2.1                     =         6787   # ACTs Counter
num_write_cmds                 =       113902   # Number of WRITE/WRITEP commands
acts.0.0.0                     =         7716   # ACTs Counter
num_cycles                     =     29379030   # Number of DRAM cycles
acts.0.5.3                     =         7076   # ACTs Counter
num_refb_cmds                  =            0   # Number of REFb commands
acts.0.3.2                     =         7416   # ACTs Counter
num_write_buf_hits             =            0   # Number of write buffer hits
num_srefe_cmds                 =            0   # Number of SREFE commands
epoch_num                      =            0   # Number of epochs
num_srefx_cmds                 =            0   # Number of SREFX commands
num_rfmab_cmds                 =            0   # Number of RFMAB commands
num_alerts                     =            0   # Number of ALERTs triggered
hbm_dual_cmds                  =            0   # Number of cycles dual cmds issued
acts.0.0.3                     =         6793   # ACTs Counter
acts.0.0.2                     =         7113   # ACTs Counter
acts.0.1.0                     =         6886   # ACTs Counter
acts.0.0.1                     =         7334   # ACTs Counter
acts.0.1.1                     =         7097   # ACTs Counter
acts.0.2.0                     =         7469   # ACTs Counter
acts.0.1.3                     =         7486   # ACTs Counter
rank_active_cycles.0           =     25841707   # Cyles of rank active rank.0
all_bank_idle_cycles.0         =      3537323   # Cyles of all bank idle in rank rank.0
sref_cycles.0                  =            0   # Cyles of rank in SREF mode rank.0
prac_per_tREFI.0               =      1586639   # PRAC counters per tREFI geometric_bin.0
prac_per_tREFI.1               =         7806   # PRAC counters per tREFI geometric_bin.1
prac_per_tREFI.2               =         4165   # PRAC counters per tREFI geometric_bin.2
prac_per_tREFI.3               =         2388   # PRAC counters per tREFI geometric_bin.3
prac_per_tREFI.4               =          519   # PRAC counters per tREFI geometric_bin.4
prac_per_tREFI.5               =           19   # PRAC counters per tREFI geometric_bin.5
prac_per_tREFI.6               =            0   # PRAC counters per tREFI geometric_bin.6
prac_per_tREFI.7               =            0   # PRAC counters per tREFI geometric_bin.7
prac_per_tREFI.8               =            0   # PRAC counters per tREFI geometric_bin.8
prac_per_tREFI.9               =            0   # PRAC counters per tREFI geometric_bin.9
prac_per_tREFI.10              =            0   # PRAC counters per tREFI geometric_bin.10
prac_per_tREFI.11              =            0   # PRAC counters per tREFI geometric_bin.11
prac_per_tREFI.12              =            0   # PRAC counters per tREFI geometric_bin.12
interarrival_latency[-0]       =            0   # Request interarrival latency (cycles)
interarrival_latency[0-9]      =       276959   # Request interarrival latency (cycles)
interarrival_latency[10-19]    =        80319   # Request interarrival latency (cycles)
interarrival_latency[20-29]    =        54704   # Request interarrival latency (cycles)
interarrival_latency[30-39]    =        50749   # Request interarrival latency (cycles)
interarrival_latency[40-49]    =        48186   # Request interarrival latency (cycles)
interarrival_latency[50-59]    =        40958   # Request interarrival latency (cycles)
interarrival_latency[60-69]    =        66990   # Request interarrival latency (cycles)
interarrival_latency[70-79]    =         9542   # Request interarrival latency (cycles)
interarrival_latency[80-89]    =         7732   # Request interarrival latency (cycles)
interarrival_latency[90-99]    =         7470   # Request interarrival latency (cycles)
interarrival_latency[100-]     =        59797   # Request interarrival latency (cycles)
write_latency[-0]              =            0   # Write cmd latency (cycles)
write_latency[0-19]            =            0   # Write cmd latency (cycles)
write_latency[20-39]           =            0   # Write cmd latency (cycles)
write_latency[40-59]           =          384   # Write cmd latency (cycles)
write_latency[60-79]           =          642   # Write cmd latency (cycles)
write_latency[80-99]           =         1177   # Write cmd latency (cycles)
write_latency[100-119]         =         1388   # Write cmd latency (cycles)
write_latency[120-139]         =         2024   # Write cmd latency (cycles)
write_latency[140-159]         =         2784   # Write cmd latency (cycles)
write_latency[160-179]         =         1793   # Write cmd latency (cycles)
write_latency[180-199]         =         1203   # Write cmd latency (cycles)
write_latency[200-]            =       102507   # Write cmd latency (cycles)
read_latency[-0]               =            0   # Read request latency (cycles)
read_latency[0-19]             =            0   # Read request latency (cycles)
read_latency[20-39]            =            0   # Read request latency (cycles)
read_latency[40-59]            =       217135   # Read request latency (cycles)
read_latency[60-79]            =          724   # Read request latency (cycles)
read_latency[80-99]            =        44222   # Read request latency (cycles)
read_latency[100-119]          =         5796   # Read request latency (cycles)
read_latency[120-139]          =        68979   # Read request latency (cycles)
read_latency[140-159]          =         6319   # Read request latency (cycles)
read_latency[160-179]          =         3996   # Read request latency (cycles)
read_latency[180-199]          =         4746   # Read request latency (cycles)
read_latency[200-]             =        34914   # Read request latency (cycles)
refab_energy                   =  5.85057e+09   # 
ref_energy                     =            0   # Refresh energy
refb_energy                    =           -0   # Refresh-bank energy
write_energy                   =  8.57272e+08   # Write energy
read_energy                    =  3.44624e+09   # Read energy
act_energy                     =  2.60741e+09   # Activation energy
sref_energy.0                  =            0   # SREF energy rank.0
pre_stb_energy.0               =  1.25646e+09   # Precharge standby energy rank.0
act_stb_energy.0               =  1.29002e+10   # Active standby energy rank.0
average_read_latency           =      109.135   # Average read request latency (cycles)
average_interarrival           =      41.7668   # Average request interarrival latency (cycles)
total_energy                   =  2.10676e+10   # Total energy (pJ)
average_power                  =      717.095   # Average power (mW)
average_bandwidth              =      3.68343   # Average bandwidth
